<?xml version="1.0" encoding="UTF-8"?>
<testng-results ignored="0" total="1" passed="1" failed="0" skipped="0">
  <reporter-output>
  </reporter-output>
  <suite started-at="2022-05-13T08:07:49 IST" name="Default suite" finished-at="2022-05-13T08:08:05 IST" duration-ms="15408">
    <groups>
    </groups>
    <test started-at="2022-05-13T08:07:49 IST" name="Default test" finished-at="2022-05-13T08:08:05 IST" duration-ms="15408">
      <class name="assignment.WalletHubTest">
        <test-method is-config="true" signature="setUp()[pri:0, instance:assignment.WalletHubTest@305f031]" started-at="2022-05-13T08:07:49 IST" name="setUp" finished-at="2022-05-13T08:07:57 IST" duration-ms="7994" status="PASS">
          <reporter-output>
          </reporter-output>
        </test-method> <!-- setUp -->
        <test-method signature="WalletTest()[pri:0, instance:assignment.WalletHubTest@305f031]" started-at="2022-05-13T08:07:57 IST" name="WalletTest" finished-at="2022-05-13T08:08:04 IST" duration-ms="7266" status="PASS">
          <reporter-output>
          </reporter-output>
        </test-method> <!-- WalletTest -->
        <test-method is-config="true" signature="tearDown()[pri:0, instance:assignment.WalletHubTest@305f031]" started-at="2022-05-13T08:08:04 IST" name="tearDown" finished-at="2022-05-13T08:08:05 IST" duration-ms="91" status="PASS">
          <reporter-output>
          </reporter-output>
        </test-method> <!-- tearDown -->
      </class> <!-- assignment.WalletHubTest -->
    </test> <!-- Default test -->
  </suite> <!-- Default suite -->
</testng-results>
